#
# A fatal error has been detected by the Java Runtime Environment:
#
#  EXCEPTION_ACCESS_VIOLATION (0xc0000005) at pc=0x00007fffa27f1fe8, pid=1476, tid=3048
#
# JRE version: Java(TM) SE Runtime Environment 18.9 (11.0.8+10) (build 11.0.8+10-LTS)
# Java VM: Java HotSpot(TM) 64-Bit Server VM 18.9 (11.0.8+10-LTS, mixed mode, tiered, compressed oops, g1 gc, windows-amd64)
# Problematic frame:
# V  [jvm.dll+0x321fe8]
#
# No core dump will be written. Minidumps are not enabled by default on client versions of Windows
#
# If you would like to submit a bug report, please visit:
#   https://bugreport.java.com/bugreport/crash.jsp
#

---------------  S U M M A R Y ------------

Command Line: MazeGame

Host: Intel(R) Core(TM) i7-9700K CPU @ 3.60GHz, 8 cores, 15G,  Windows 10 , 64 bit Build 22621 (10.0.22621.885)
Time: Thu Nov 10 14:00:22 2022 Central Standard Time elapsed time: 192 seconds (0d 0h 3m 12s)

---------------  T H R E A D  ---------------

Current thread (0x00000253b22e9000):  JavaThread "C2 CompilerThread0" daemon [_thread_in_native, id=3048, stack(0x0000006939000000,0x0000006939100000)]


Current CompileTask:
C2: 192014 2089   !   4       sun.java2d.SunGraphics2D::fillRect (74 bytes)

Stack: [0x0000006939000000,0x0000006939100000],  sp=0x00000069390fa860,  free space=1002k
Native frames: (J=compiled Java code, j=interpreted, Vv=VM code, C=native code)
V  [jvm.dll+0x321fe8]
V  [jvm.dll+0x4fec3d]
V  [jvm.dll+0x5023c1]
V  [jvm.dll+0x4f195b]
V  [jvm.dll+0x2b1f46]
V  [jvm.dll+0x61e368]
V  [jvm.dll+0x6160df]
V  [jvm.dll+0x61571e]
V  [jvm.dll+0x61358e]
V  [jvm.dll+0x1809cc]
V  [jvm.dll+0x2b1f46]
V  [jvm.dll+0x61e368]
V  [jvm.dll+0x6160df]
V  [jvm.dll+0x61571e]
V  [jvm.dll+0x61358e]
V  [jvm.dll+0x1809cc]
V  [jvm.dll+0x2b1f46]
V  [jvm.dll+0x61e368]
V  [jvm.dll+0x6160df]
V  [jvm.dll+0x61571e]
V  [jvm.dll+0x61358e]
V  [jvm.dll+0x1809cc]
V  [jvm.dll+0x2b1f46]
V  [jvm.dll+0x61e368]
V  [jvm.dll+0x6160df]
V  [jvm.dll+0x61571e]
V  [jvm.dll+0x61358e]
V  [jvm.dll+0x1809cc]
V  [jvm.dll+0x2b1f46]
V  [jvm.dll+0x61e368]
V  [jvm.dll+0x6160df]
V  [jvm.dll+0x61571e]
V  [jvm.dll+0x61358e]
V  [jvm.dll+0x1809cc]
V  [jvm.dll+0x2b1f46]
V  [jvm.dll+0x61e368]
V  [jvm.dll+0x6160df]
V  [jvm.dll+0x61571e]
V  [jvm.dll+0x61358e]
V  [jvm.dll+0x1809cc]
V  [jvm.dll+0x2b1f46]
V  [jvm.dll+0x61e368]
V  [jvm.dll+0x6160df]
V  [jvm.dll+0x61571e]
V  [jvm.dll+0x61358e]
V  [jvm.dll+0x1809cc]
V  [jvm.dll+0x2b1f46]
V  [jvm.dll+0x61e368]
V  [jvm.dll+0x6160df]
V  [jvm.dll+0x61571e]
V  [jvm.dll+0x61358e]
V  [jvm.dll+0x1809cc]
V  [jvm.dll+0x2b1f46]
V  [jvm.dll+0x61e368]
V  [jvm.dll+0x6160df]
V  [jvm.dll+0x61571e]
V  [jvm.dll+0x61358e]
V  [jvm.dll+0x1809cc]
V  [jvm.dll+0x181559]
V  [jvm.dll+0x18149e]
V  [jvm.dll+0x2b1f46]
V  [jvm.dll+0x61e368]
V  [jvm.dll+0x6160df]
V  [jvm.dll+0x61571e]
V  [jvm.dll+0x61358e]
V  [jvm.dll+0x1809cc]
V  [jvm.dll+0x1fb131]
V  [jvm.dll+0x17e0fc]
V  [jvm.dll+0x20aaa4]
V  [jvm.dll+0x208b7b]
V  [jvm.dll+0x6ff90c]
V  [jvm.dll+0x6f845c]
V  [jvm.dll+0x600d66]
C  [ucrtbase.dll+0x29363]
C  [KERNEL32.DLL+0x1244d]
C  [ntdll.dll+0x5dfb8]


siginfo: EXCEPTION_ACCESS_VIOLATION (0xc0000005), writing address 0x000002bcf2b68638


Register to memory mapping:

RIP=0x00007fffa27f1fe8 jvm.dll
RAX=0x00000069390fa890 is pointing into the stack for thread: 0x00000253b22e9000
RBX=0x0 is NULL
RCX=0x00000069390fa8b0 is pointing into the stack for thread: 0x00000253b22e9000
RDX=0x00000253b24138b0 points into unknown readable memory: 98 35 41 b2 53 02 00 00
RSP=0x00000069390fa860 is pointing into the stack for thread: 0x00000253b22e9000
RBP=0x0000000400000800 is an unknown value
RSI=0x00000069390faad0 is pointing into the stack for thread: 0x00000253b22e9000
RDI=0x00000253b23f4e88 points into unknown readable memory: f0 6f ce a2 ff 7f 00 00
R8 =0x00000253b2413898 points into unknown readable memory: 40 38 41 b2 53 02 00 00
R9 =0x00000253b24135e8 points into unknown readable memory: 88 36 41 b2 53 02 00 00
R10=0x00000253b2312190 points into unknown readable memory: 68 a6 d6 a2 ff 7f 00 00
R11=0x00000253b24140c8 points into unknown readable memory: 48 51 86 b2 53 02 00 00
R12=0x00000253b9a6dd60 points into unknown readable memory: a0 74 cf a2 ff 7f 00 00
R13=0x00000253b240fc18 points into unknown readable memory: 20 32 d1 a2 ff 7f 00 00
R14=0x000000000000000a is an unknown value
R15=0x00000253b2311f40 points into unknown readable memory: b8 a5 d6 a2 ff 7f 00 00


Registers:
RAX=0x00000069390fa890, RBX=0x0000000000000000, RCX=0x00000069390fa8b0, RDX=0x00000253b24138b0
RSP=0x00000069390fa860, RBP=0x0000000400000800, RSI=0x00000069390faad0, RDI=0x00000253b23f4e88
R8 =0x00000253b2413898, R9 =0x00000253b24135e8, R10=0x00000253b2312190, R11=0x00000253b24140c8
R12=0x00000253b9a6dd60, R13=0x00000253b240fc18, R14=0x000000000000000a, R15=0x00000253b2311f40
RIP=0x00007fffa27f1fe8, EFLAGS=0x0000000000010246

Top of Stack: (sp=0x00000069390fa860)
0x00000069390fa860:   00000253b23f4ef8 00007fffa27f32b6
0x00000069390fa870:   00000069390faad0 00007fffa27f9b51
0x00000069390fa880:   0000000000000000 00000069390faad0
0x00000069390fa890:   00000253b23f4ef8 00000253b9a74c10
0x00000069390fa8a0:   00000069390fa970 00007fffa29d0b48
0x00000069390fa8b0:   00007fffa2d14108 00000253b2865108
0x00000069390fa8c0:   0000001c00000800 000002530000000a
0x00000069390fa8d0:   00000253ba125410 00007fffa2afa876
0x00000069390fa8e0:   00000253b2311f40 00000253b2311f40
0x00000069390fa8f0:   00000253b240fc18 00000069390faad0
0x00000069390fa900:   00000069390faad0 00007fffa29cec3d
0x00000069390fa910:   0000000000000000 0000000000000000
0x00000069390fa920:   0000000400000800 00007fffa2bdb34a
0x00000069390fa930:   00000253b9a74c10 000002530000001a
0x00000069390fa940:   00000253b240fc18 00000253b9a6dd60
0x00000069390fa950:   00000253b2311f40 000002530000000a 

Instructions: (pc=0x00007fffa27f1fe8)
0x00007fffa27f1fc8:   89 5c 24 30 48 89 44 24 60 48 8d 4c 24 50 8b 84
0x00007fffa27f1fd8:   24 f8 00 00 00 33 db 89 44 24 68 48 8d 44 24 30
0x00007fffa27f1fe8:   4a 89 44 24 78 48 89 74 24 58 48 89 7c 24 70 48
0x00007fffa27f1ff8:   89 9c 24 80 00 00 00 e8 8c ce dd ff 48 8b 4e 48 


Stack slot to memory mapping:
stack at sp + 0 slots: 0x00000253b23f4ef8 points into unknown readable memory: 10 91 cc a2 ff 7f 00 00
stack at sp + 1 slots: 0x00007fffa27f32b6 jvm.dll
stack at sp + 2 slots: 0x00000069390faad0 is pointing into the stack for thread: 0x00000253b22e9000
stack at sp + 3 slots: 0x00007fffa27f9b51 jvm.dll
stack at sp + 4 slots: 0x0 is NULL
stack at sp + 5 slots: 0x00000069390faad0 is pointing into the stack for thread: 0x00000253b22e9000
stack at sp + 6 slots: 0x00000253b23f4ef8 points into unknown readable memory: 10 91 cc a2 ff 7f 00 00
stack at sp + 7 slots: 0x00000253b9a74c10 points into unknown readable memory: 38 af d6 a2 ff 7f 00 00


---------------  P R O C E S S  ---------------

Threads class SMR info:
_java_thread_list=0x00000253b2eb8ca0, length=15, elements={
0x000002538c086000, 0x00000253b2282000, 0x00000253b2283000, 0x00000253b22e6000,
0x00000253b22e8000, 0x00000253b22e9000, 0x00000253b22ea000, 0x00000253b22eb000,
0x00000253b2470800, 0x00000253b2477800, 0x00000253b28af000, 0x00000253b296a800,
0x00000253b296b000, 0x00000253b2e9a000, 0x00000253b9e5c800
}

Java Threads: ( => current thread )
  0x000002538c086000 JavaThread "main" [_thread_blocked, id=12024, stack(0x0000006938500000,0x0000006938600000)]
  0x00000253b2282000 JavaThread "Reference Handler" daemon [_thread_blocked, id=22576, stack(0x0000006938c00000,0x0000006938d00000)]
  0x00000253b2283000 JavaThread "Finalizer" daemon [_thread_blocked, id=22804, stack(0x0000006938d00000,0x0000006938e00000)]
  0x00000253b22e6000 JavaThread "Signal Dispatcher" daemon [_thread_blocked, id=7200, stack(0x0000006938e00000,0x0000006938f00000)]
  0x00000253b22e8000 JavaThread "Attach Listener" daemon [_thread_blocked, id=28712, stack(0x0000006938f00000,0x0000006939000000)]
=>0x00000253b22e9000 JavaThread "C2 CompilerThread0" daemon [_thread_in_native, id=3048, stack(0x0000006939000000,0x0000006939100000)]
  0x00000253b22ea000 JavaThread "C1 CompilerThread0" daemon [_thread_blocked, id=10048, stack(0x0000006939100000,0x0000006939200000)]
  0x00000253b22eb000 JavaThread "Sweeper thread" daemon [_thread_blocked, id=15952, stack(0x0000006939200000,0x0000006939300000)]
  0x00000253b2470800 JavaThread "Service Thread" daemon [_thread_blocked, id=24252, stack(0x0000006939300000,0x0000006939400000)]
  0x00000253b2477800 JavaThread "Common-Cleaner" daemon [_thread_blocked, id=22492, stack(0x0000006939500000,0x0000006939600000)]
  0x00000253b28af000 JavaThread "Java2D Disposer" daemon [_thread_blocked, id=11384, stack(0x0000006939700000,0x0000006939800000)]
  0x00000253b296a800 JavaThread "AWT-Shutdown" [_thread_blocked, id=29008, stack(0x0000006939800000,0x0000006939900000)]
  0x00000253b296b000 JavaThread "AWT-Windows" daemon [_thread_in_native, id=16144, stack(0x0000006939900000,0x0000006939a00000)]
  0x00000253b2e9a000 JavaThread "AWT-EventQueue-0" [_thread_blocked, id=29252, stack(0x0000006939c00000,0x0000006939d00000)]
  0x00000253b9e5c800 JavaThread "D3D Screen Updater" daemon [_thread_blocked, id=30144, stack(0x0000006939e00000,0x0000006939f00000)]

Other Threads:
  0x00000253b19d0800 VMThread "VM Thread" [stack: 0x0000006938b00000,0x0000006938c00000] [id=18504]
  0x00000253b2486800 WatcherThread [stack: 0x0000006939400000,0x0000006939500000] [id=27412]
  0x000002538c09c000 GCTaskThread "GC Thread#0" [stack: 0x0000006938600000,0x0000006938700000] [id=19588]
  0x00000253b28ab000 GCTaskThread "GC Thread#1" [stack: 0x0000006938200000,0x0000006938300000] [id=26456]
  0x00000253ba2ce800 GCTaskThread "GC Thread#2" [stack: 0x0000006938300000,0x0000006938400000] [id=27592]
  0x00000253b2afc000 GCTaskThread "GC Thread#3" [stack: 0x0000006938400000,0x0000006938500000] [id=21144]
  0x00000253ba129000 GCTaskThread "GC Thread#4" [stack: 0x0000006939a00000,0x0000006939b00000] [id=30476]
  0x00000253ba12a000 GCTaskThread "GC Thread#5" [stack: 0x000000693a000000,0x000000693a100000] [id=30336]
  0x000002538c0fa000 ConcurrentGCThread "G1 Birthday Marker" [stack: 0x0000006938700000,0x0000006938800000] [id=12428]
  0x000002538c0fc000 ConcurrentGCThread "G1 Conc#0" [stack: 0x0000006938800000,0x0000006938900000] [id=20556]
  0x00000253b18b7000 ConcurrentGCThread "G1 Refine#0" [stack: 0x0000006938900000,0x0000006938a00000] [id=7540]
  0x00000253b18ba000 ConcurrentGCThread "G1 Young RemSet Sampling" [stack: 0x0000006938a00000,0x0000006938b00000] [id=28704]

Threads with active compile tasks:
C2 CompilerThread0 192063 2089   !   4       sun.java2d.SunGraphics2D::fillRect (74 bytes)

VM state:not at safepoint (normal execution)

VM Mutex/Monitor currently owned by a thread: None

Heap address: 0x0000000701000000, size: 4080 MB, Compressed Oops mode: Zero based, Oop shift amount: 3
Narrow klass base: 0x0000000800000000, Narrow klass shift: 0
Compressed class space size: 1073741824 Address: 0x0000000800000000

Heap:
 garbage-first heap   total 262144K, used 14936K [0x0000000701000000, 0x0000000800000000)
  region size 1024K, 11 young (11264K), 3 survivors (3072K)
 Metaspace       used 15837K, capacity 16253K, committed 16384K, reserved 1064960K
  class space    used 1575K, capacity 1762K, committed 1792K, reserved 1048576K
Heap Regions: E=young(eden), S=young(survivor), O=old, HS=humongous(starts), HC=humongous(continues), CS=collection set, F=free, A=archive, TAMS=top-at-mark-start (previous, next)
|   0|0x0000000701000000, 0x0000000701100000, 0x0000000701100000|100%|HS|  |TAMS 0x0000000701000000, 0x0000000701000000| Complete 
|   1|0x0000000701100000, 0x0000000701200000, 0x0000000701200000|100%|HC|  |TAMS 0x0000000701100000, 0x0000000701100000| Complete 
|   2|0x0000000701200000, 0x0000000701300000, 0x0000000701300000|100%|HS|  |TAMS 0x0000000701200000, 0x0000000701200000| Complete 
|   3|0x0000000701300000, 0x0000000701400000, 0x0000000701400000|100%|HC|  |TAMS 0x0000000701300000, 0x0000000701300000| Complete 
|   4|0x0000000701400000, 0x0000000701496200, 0x0000000701500000| 58%| O|  |TAMS 0x0000000701400000, 0x0000000701400000| Untracked 
|   5|0x0000000701500000, 0x0000000701500000, 0x0000000701600000|  0%| F|  |TAMS 0x0000000701500000, 0x0000000701500000| Untracked 
|   6|0x0000000701600000, 0x0000000701600000, 0x0000000701700000|  0%| F|  |TAMS 0x0000000701600000, 0x0000000701600000| Untracked 
|   7|0x0000000701700000, 0x0000000701700000, 0x0000000701800000|  0%| F|  |TAMS 0x0000000701700000, 0x0000000701700000| Untracked 
|   8|0x0000000701800000, 0x0000000701800000, 0x0000000701900000|  0%| F|  |TAMS 0x0000000701800000, 0x0000000701800000| Untracked 
|   9|0x0000000701900000, 0x0000000701900000, 0x0000000701a00000|  0%| F|  |TAMS 0x0000000701900000, 0x0000000701900000| Untracked 
|  10|0x0000000701a00000, 0x0000000701a00000, 0x0000000701b00000|  0%| F|  |TAMS 0x0000000701a00000, 0x0000000701a00000| Untracked 
|  11|0x0000000701b00000, 0x0000000701b00000, 0x0000000701c00000|  0%| F|  |TAMS 0x0000000701b00000, 0x0000000701b00000| Untracked 
|  12|0x0000000701c00000, 0x0000000701c00000, 0x0000000701d00000|  0%| F|  |TAMS 0x0000000701c00000, 0x0000000701c00000| Untracked 
|  13|0x0000000701d00000, 0x0000000701d00000, 0x0000000701e00000|  0%| F|  |TAMS 0x0000000701d00000, 0x0000000701d00000| Untracked 
|  14|0x0000000701e00000, 0x0000000701e00000, 0x0000000701f00000|  0%| F|  |TAMS 0x0000000701e00000, 0x0000000701e00000| Untracked 
|  15|0x0000000701f00000, 0x0000000701f00000, 0x0000000702000000|  0%| F|  |TAMS 0x0000000701f00000, 0x0000000701f00000| Untracked 
|  16|0x0000000702000000, 0x0000000702000000, 0x0000000702100000|  0%| F|  |TAMS 0x0000000702000000, 0x0000000702000000| Untracked 
|  17|0x0000000702100000, 0x0000000702100000, 0x0000000702200000|  0%| F|  |TAMS 0x0000000702100000, 0x0000000702100000| Untracked 
|  18|0x0000000702200000, 0x0000000702200000, 0x0000000702300000|  0%| F|  |TAMS 0x0000000702200000, 0x0000000702200000| Untracked 
|  19|0x0000000702300000, 0x0000000702300000, 0x0000000702400000|  0%| F|  |TAMS 0x0000000702300000, 0x0000000702300000| Untracked 
|  20|0x0000000702400000, 0x0000000702400000, 0x0000000702500000|  0%| F|  |TAMS 0x0000000702400000, 0x0000000702400000| Untracked 
|  21|0x0000000702500000, 0x0000000702500000, 0x0000000702600000|  0%| F|  |TAMS 0x0000000702500000, 0x0000000702500000| Untracked 
|  22|0x0000000702600000, 0x0000000702600000, 0x0000000702700000|  0%| F|  |TAMS 0x0000000702600000, 0x0000000702600000| Untracked 
|  23|0x0000000702700000, 0x0000000702700000, 0x0000000702800000|  0%| F|  |TAMS 0x0000000702700000, 0x0000000702700000| Untracked 
|  24|0x0000000702800000, 0x0000000702800000, 0x0000000702900000|  0%| F|  |TAMS 0x0000000702800000, 0x0000000702800000| Untracked 
|  25|0x0000000702900000, 0x0000000702900000, 0x0000000702a00000|  0%| F|  |TAMS 0x0000000702900000, 0x0000000702900000| Untracked 
|  26|0x0000000702a00000, 0x0000000702a00000, 0x0000000702b00000|  0%| F|  |TAMS 0x0000000702a00000, 0x0000000702a00000| Untracked 
|  27|0x0000000702b00000, 0x0000000702b00000, 0x0000000702c00000|  0%| F|  |TAMS 0x0000000702b00000, 0x0000000702b00000| Untracked 
|  28|0x0000000702c00000, 0x0000000702c00000, 0x0000000702d00000|  0%| F|  |TAMS 0x0000000702c00000, 0x0000000702c00000| Untracked 
|  29|0x0000000702d00000, 0x0000000702d00000, 0x0000000702e00000|  0%| F|  |TAMS 0x0000000702d00000, 0x0000000702d00000| Untracked 
|  30|0x0000000702e00000, 0x0000000702e00000, 0x0000000702f00000|  0%| F|  |TAMS 0x0000000702e00000, 0x0000000702e00000| Untracked 
|  31|0x0000000702f00000, 0x0000000702f00000, 0x0000000703000000|  0%| F|  |TAMS 0x0000000702f00000, 0x0000000702f00000| Untracked 
|  32|0x0000000703000000, 0x0000000703000000, 0x0000000703100000|  0%| F|  |TAMS 0x0000000703000000, 0x0000000703000000| Untracked 
|  33|0x0000000703100000, 0x0000000703100000, 0x0000000703200000|  0%| F|  |TAMS 0x0000000703100000, 0x0000000703100000| Untracked 
|  34|0x0000000703200000, 0x0000000703200000, 0x0000000703300000|  0%| F|  |TAMS 0x0000000703200000, 0x0000000703200000| Untracked 
|  35|0x0000000703300000, 0x0000000703300000, 0x0000000703400000|  0%| F|  |TAMS 0x0000000703300000, 0x0000000703300000| Untracked 
|  36|0x0000000703400000, 0x0000000703400000, 0x0000000703500000|  0%| F|  |TAMS 0x0000000703400000, 0x0000000703400000| Untracked 
|  37|0x0000000703500000, 0x0000000703500000, 0x0000000703600000|  0%| F|  |TAMS 0x0000000703500000, 0x0000000703500000| Untracked 
|  38|0x0000000703600000, 0x0000000703600000, 0x0000000703700000|  0%| F|  |TAMS 0x0000000703600000, 0x0000000703600000| Untracked 
|  39|0x0000000703700000, 0x0000000703700000, 0x0000000703800000|  0%| F|  |TAMS 0x0000000703700000, 0x0000000703700000| Untracked 
|  40|0x0000000703800000, 0x0000000703800000, 0x0000000703900000|  0%| F|  |TAMS 0x0000000703800000, 0x0000000703800000| Untracked 
|  41|0x0000000703900000, 0x0000000703900000, 0x0000000703a00000|  0%| F|  |TAMS 0x0000000703900000, 0x0000000703900000| Untracked 
|  42|0x0000000703a00000, 0x0000000703a00000, 0x0000000703b00000|  0%| F|  |TAMS 0x0000000703a00000, 0x0000000703a00000| Untracked 
|  43|0x0000000703b00000, 0x0000000703b00000, 0x0000000703c00000|  0%| F|  |TAMS 0x0000000703b00000, 0x0000000703b00000| Untracked 
|  44|0x0000000703c00000, 0x0000000703c00000, 0x0000000703d00000|  0%| F|  |TAMS 0x0000000703c00000, 0x0000000703c00000| Untracked 
|  45|0x0000000703d00000, 0x0000000703d00000, 0x0000000703e00000|  0%| F|  |TAMS 0x0000000703d00000, 0x0000000703d00000| Untracked 
|  46|0x0000000703e00000, 0x0000000703e00000, 0x0000000703f00000|  0%| F|  |TAMS 0x0000000703e00000, 0x0000000703e00000| Untracked 
|  47|0x0000000703f00000, 0x0000000703f00000, 0x0000000704000000|  0%| F|  |TAMS 0x0000000703f00000, 0x0000000703f00000| Untracked 
|  48|0x0000000704000000, 0x0000000704000000, 0x0000000704100000|  0%| F|  |TAMS 0x0000000704000000, 0x0000000704000000| Untracked 
|  49|0x0000000704100000, 0x0000000704100000, 0x0000000704200000|  0%| F|  |TAMS 0x0000000704100000, 0x0000000704100000| Untracked 
|  50|0x0000000704200000, 0x0000000704200000, 0x0000000704300000|  0%| F|  |TAMS 0x0000000704200000, 0x0000000704200000| Untracked 
|  51|0x0000000704300000, 0x0000000704300000, 0x0000000704400000|  0%| F|  |TAMS 0x0000000704300000, 0x0000000704300000| Untracked 
|  52|0x0000000704400000, 0x0000000704400000, 0x0000000704500000|  0%| F|  |TAMS 0x0000000704400000, 0x0000000704400000| Untracked 
|  53|0x0000000704500000, 0x0000000704500000, 0x0000000704600000|  0%| F|  |TAMS 0x0000000704500000, 0x0000000704500000| Untracked 
|  54|0x0000000704600000, 0x0000000704600000, 0x0000000704700000|  0%| F|  |TAMS 0x0000000704600000, 0x0000000704600000| Untracked 
|  55|0x0000000704700000, 0x0000000704700000, 0x0000000704800000|  0%| F|  |TAMS 0x0000000704700000, 0x0000000704700000| Untracked 
|  56|0x0000000704800000, 0x0000000704800000, 0x0000000704900000|  0%| F|  |TAMS 0x0000000704800000, 0x0000000704800000| Untracked 
|  57|0x0000000704900000, 0x0000000704900000, 0x0000000704a00000|  0%| F|  |TAMS 0x0000000704900000, 0x0000000704900000| Untracked 
|  58|0x0000000704a00000, 0x0000000704a00000, 0x0000000704b00000|  0%| F|  |TAMS 0x0000000704a00000, 0x0000000704a00000| Untracked 
|  59|0x0000000704b00000, 0x0000000704b00000, 0x0000000704c00000|  0%| F|  |TAMS 0x0000000704b00000, 0x0000000704b00000| Untracked 
|  60|0x0000000704c00000, 0x0000000704c00000, 0x0000000704d00000|  0%| F|  |TAMS 0x0000000704c00000, 0x0000000704c00000| Untracked 
|  61|0x0000000704d00000, 0x0000000704d00000, 0x0000000704e00000|  0%| F|  |TAMS 0x0000000704d00000, 0x0000000704d00000| Untracked 
|  62|0x0000000704e00000, 0x0000000704e00000, 0x0000000704f00000|  0%| F|  |TAMS 0x0000000704e00000, 0x0000000704e00000| Untracked 
|  63|0x0000000704f00000, 0x0000000704f00000, 0x0000000705000000|  0%| F|  |TAMS 0x0000000704f00000, 0x0000000704f00000| Untracked 
|  64|0x0000000705000000, 0x0000000705000000, 0x0000000705100000|  0%| F|  |TAMS 0x0000000705000000, 0x0000000705000000| Untracked 
|  65|0x0000000705100000, 0x0000000705100000, 0x0000000705200000|  0%| F|  |TAMS 0x0000000705100000, 0x0000000705100000| Untracked 
|  66|0x0000000705200000, 0x0000000705200000, 0x0000000705300000|  0%| F|  |TAMS 0x0000000705200000, 0x0000000705200000| Untracked 
|  67|0x0000000705300000, 0x0000000705300000, 0x0000000705400000|  0%| F|  |TAMS 0x0000000705300000, 0x0000000705300000| Untracked 
|  68|0x0000000705400000, 0x0000000705400000, 0x0000000705500000|  0%| F|  |TAMS 0x0000000705400000, 0x0000000705400000| Untracked 
|  69|0x0000000705500000, 0x0000000705500000, 0x0000000705600000|  0%| F|  |TAMS 0x0000000705500000, 0x0000000705500000| Untracked 
|  70|0x0000000705600000, 0x0000000705600000, 0x0000000705700000|  0%| F|  |TAMS 0x0000000705600000, 0x0000000705600000| Untracked 
|  71|0x0000000705700000, 0x0000000705700000, 0x0000000705800000|  0%| F|  |TAMS 0x0000000705700000, 0x0000000705700000| Untracked 
|  72|0x0000000705800000, 0x0000000705800000, 0x0000000705900000|  0%| F|  |TAMS 0x0000000705800000, 0x0000000705800000| Untracked 
|  73|0x0000000705900000, 0x0000000705900000, 0x0000000705a00000|  0%| F|  |TAMS 0x0000000705900000, 0x0000000705900000| Untracked 
|  74|0x0000000705a00000, 0x0000000705a00000, 0x0000000705b00000|  0%| F|  |TAMS 0x0000000705a00000, 0x0000000705a00000| Untracked 
|  75|0x0000000705b00000, 0x0000000705b00000, 0x0000000705c00000|  0%| F|  |TAMS 0x0000000705b00000, 0x0000000705b00000| Untracked 
|  76|0x0000000705c00000, 0x0000000705c00000, 0x0000000705d00000|  0%| F|  |TAMS 0x0000000705c00000, 0x0000000705c00000| Untracked 
|  77|0x0000000705d00000, 0x0000000705d00000, 0x0000000705e00000|  0%| F|  |TAMS 0x0000000705d00000, 0x0000000705d00000| Untracked 
|  78|0x0000000705e00000, 0x0000000705e00000, 0x0000000705f00000|  0%| F|  |TAMS 0x0000000705e00000, 0x0000000705e00000| Untracked 
|  79|0x0000000705f00000, 0x0000000705f00000, 0x0000000706000000|  0%| F|  |TAMS 0x0000000705f00000, 0x0000000705f00000| Untracked 
|  80|0x0000000706000000, 0x0000000706000000, 0x0000000706100000|  0%| F|  |TAMS 0x0000000706000000, 0x0000000706000000| Untracked 
|  81|0x0000000706100000, 0x0000000706100000, 0x0000000706200000|  0%| F|  |TAMS 0x0000000706100000, 0x0000000706100000| Untracked 
|  82|0x0000000706200000, 0x0000000706200000, 0x0000000706300000|  0%| F|  |TAMS 0x0000000706200000, 0x0000000706200000| Untracked 
|  83|0x0000000706300000, 0x0000000706300000, 0x0000000706400000|  0%| F|  |TAMS 0x0000000706300000, 0x0000000706300000| Untracked 
|  84|0x0000000706400000, 0x0000000706400000, 0x0000000706500000|  0%| F|  |TAMS 0x0000000706400000, 0x0000000706400000| Untracked 
|  85|0x0000000706500000, 0x0000000706500000, 0x0000000706600000|  0%| F|  |TAMS 0x0000000706500000, 0x0000000706500000| Untracked 
|  86|0x0000000706600000, 0x0000000706600000, 0x0000000706700000|  0%| F|  |TAMS 0x0000000706600000, 0x0000000706600000| Untracked 
|  87|0x0000000706700000, 0x0000000706700000, 0x0000000706800000|  0%| F|  |TAMS 0x0000000706700000, 0x0000000706700000| Untracked 
|  88|0x0000000706800000, 0x0000000706800000, 0x0000000706900000|  0%| F|  |TAMS 0x0000000706800000, 0x0000000706800000| Untracked 
|  89|0x0000000706900000, 0x0000000706900000, 0x0000000706a00000|  0%| F|  |TAMS 0x0000000706900000, 0x0000000706900000| Untracked 
|  90|0x0000000706a00000, 0x0000000706a00000, 0x0000000706b00000|  0%| F|  |TAMS 0x0000000706a00000, 0x0000000706a00000| Untracked 
|  91|0x0000000706b00000, 0x0000000706b00000, 0x0000000706c00000|  0%| F|  |TAMS 0x0000000706b00000, 0x0000000706b00000| Untracked 
|  92|0x0000000706c00000, 0x0000000706c00000, 0x0000000706d00000|  0%| F|  |TAMS 0x0000000706c00000, 0x0000000706c00000| Untracked 
|  93|0x0000000706d00000, 0x0000000706d00000, 0x0000000706e00000|  0%| F|  |TAMS 0x0000000706d00000, 0x0000000706d00000| Untracked 
|  94|0x0000000706e00000, 0x0000000706e00000, 0x0000000706f00000|  0%| F|  |TAMS 0x0000000706e00000, 0x0000000706e00000| Untracked 
|  95|0x0000000706f00000, 0x0000000706f00000, 0x0000000707000000|  0%| F|  |TAMS 0x0000000706f00000, 0x0000000706f00000| Untracked 
|  96|0x0000000707000000, 0x0000000707000000, 0x0000000707100000|  0%| F|  |TAMS 0x0000000707000000, 0x0000000707000000| Untracked 
|  97|0x0000000707100000, 0x0000000707100000, 0x0000000707200000|  0%| F|  |TAMS 0x0000000707100000, 0x0000000707100000| Untracked 
|  98|0x0000000707200000, 0x0000000707200000, 0x0000000707300000|  0%| F|  |TAMS 0x0000000707200000, 0x0000000707200000| Untracked 
|  99|0x0000000707300000, 0x0000000707300000, 0x0000000707400000|  0%| F|  |TAMS 0x0000000707300000, 0x0000000707300000| Untracked 
| 100|0x0000000707400000, 0x0000000707400000, 0x0000000707500000|  0%| F|  |TAMS 0x0000000707400000, 0x0000000707400000| Untracked 
| 101|0x0000000707500000, 0x0000000707500000, 0x0000000707600000|  0%| F|  |TAMS 0x0000000707500000, 0x0000000707500000| Untracked 
| 102|0x0000000707600000, 0x0000000707600000, 0x0000000707700000|  0%| F|  |TAMS 0x0000000707600000, 0x0000000707600000| Untracked 
| 103|0x0000000707700000, 0x0000000707700000, 0x0000000707800000|  0%| F|  |TAMS 0x0000000707700000, 0x0000000707700000| Untracked 
| 104|0x0000000707800000, 0x0000000707800000, 0x0000000707900000|  0%| F|  |TAMS 0x0000000707800000, 0x0000000707800000| Untracked 
| 105|0x0000000707900000, 0x0000000707900000, 0x0000000707a00000|  0%| F|  |TAMS 0x0000000707900000, 0x0000000707900000| Untracked 
| 106|0x0000000707a00000, 0x0000000707a00000, 0x0000000707b00000|  0%| F|  |TAMS 0x0000000707a00000, 0x0000000707a00000| Untracked 
| 107|0x0000000707b00000, 0x0000000707b00000, 0x0000000707c00000|  0%| F|  |TAMS 0x0000000707b00000, 0x0000000707b00000| Untracked 
| 108|0x0000000707c00000, 0x0000000707c00000, 0x0000000707d00000|  0%| F|  |TAMS 0x0000000707c00000, 0x0000000707c00000| Untracked 
| 109|0x0000000707d00000, 0x0000000707d00000, 0x0000000707e00000|  0%| F|  |TAMS 0x0000000707d00000, 0x0000000707d00000| Untracked 
| 110|0x0000000707e00000, 0x0000000707e00000, 0x0000000707f00000|  0%| F|  |TAMS 0x0000000707e00000, 0x0000000707e00000| Untracked 
| 111|0x0000000707f00000, 0x0000000707f00000, 0x0000000708000000|  0%| F|  |TAMS 0x0000000707f00000, 0x0000000707f00000| Untracked 
| 112|0x0000000708000000, 0x0000000708000000, 0x0000000708100000|  0%| F|  |TAMS 0x0000000708000000, 0x0000000708000000| Untracked 
| 113|0x0000000708100000, 0x0000000708100000, 0x0000000708200000|  0%| F|  |TAMS 0x0000000708100000, 0x0000000708100000| Untracked 
| 114|0x0000000708200000, 0x0000000708200000, 0x0000000708300000|  0%| F|  |TAMS 0x0000000708200000, 0x0000000708200000| Untracked 
| 115|0x0000000708300000, 0x0000000708300000, 0x0000000708400000|  0%| F|  |TAMS 0x0000000708300000, 0x0000000708300000| Untracked 
| 116|0x0000000708400000, 0x0000000708400000, 0x0000000708500000|  0%| F|  |TAMS 0x0000000708400000, 0x0000000708400000| Untracked 
| 117|0x0000000708500000, 0x0000000708500000, 0x0000000708600000|  0%| F|  |TAMS 0x0000000708500000, 0x0000000708500000| Untracked 
| 118|0x0000000708600000, 0x0000000708600000, 0x0000000708700000|  0%| F|  |TAMS 0x0000000708600000, 0x0000000708600000| Untracked 
| 119|0x0000000708700000, 0x0000000708700000, 0x0000000708800000|  0%| F|  |TAMS 0x0000000708700000, 0x0000000708700000| Untracked 
| 120|0x0000000708800000, 0x0000000708800000, 0x0000000708900000|  0%| F|  |TAMS 0x0000000708800000, 0x0000000708800000| Untracked 
| 121|0x0000000708900000, 0x0000000708900000, 0x0000000708a00000|  0%| F|  |TAMS 0x0000000708900000, 0x0000000708900000| Untracked 
| 122|0x0000000708a00000, 0x0000000708a00000, 0x0000000708b00000|  0%| F|  |TAMS 0x0000000708a00000, 0x0000000708a00000| Untracked 
| 123|0x0000000708b00000, 0x0000000708b00000, 0x0000000708c00000|  0%| F|  |TAMS 0x0000000708b00000, 0x0000000708b00000| Untracked 
| 124|0x0000000708c00000, 0x0000000708c00000, 0x0000000708d00000|  0%| F|  |TAMS 0x0000000708c00000, 0x0000000708c00000| Untracked 
| 125|0x0000000708d00000, 0x0000000708d00000, 0x0000000708e00000|  0%| F|  |TAMS 0x0000000708d00000, 0x0000000708d00000| Untracked 
| 126|0x0000000708e00000, 0x0000000708e00000, 0x0000000708f00000|  0%| F|  |TAMS 0x0000000708e00000, 0x0000000708e00000| Untracked 
| 127|0x0000000708f00000, 0x0000000708f00000, 0x0000000709000000|  0%| F|  |TAMS 0x0000000708f00000, 0x0000000708f00000| Untracked 
| 128|0x0000000709000000, 0x0000000709000000, 0x0000000709100000|  0%| F|  |TAMS 0x0000000709000000, 0x0000000709000000| Untracked 
| 129|0x0000000709100000, 0x0000000709100000, 0x0000000709200000|  0%| F|  |TAMS 0x0000000709100000, 0x0000000709100000| Untracked 
| 130|0x0000000709200000, 0x0000000709200000, 0x0000000709300000|  0%| F|  |TAMS 0x0000000709200000, 0x0000000709200000| Untracked 
| 131|0x0000000709300000, 0x0000000709300000, 0x0000000709400000|  0%| F|  |TAMS 0x0000000709300000, 0x0000000709300000| Untracked 
| 132|0x0000000709400000, 0x0000000709400000, 0x0000000709500000|  0%| F|  |TAMS 0x0000000709400000, 0x0000000709400000| Untracked 
| 133|0x0000000709500000, 0x0000000709500000, 0x0000000709600000|  0%| F|  |TAMS 0x0000000709500000, 0x0000000709500000| Untracked 
| 134|0x0000000709600000, 0x0000000709600000, 0x0000000709700000|  0%| F|  |TAMS 0x0000000709600000, 0x0000000709600000| Untracked 
| 135|0x0000000709700000, 0x0000000709700000, 0x0000000709800000|  0%| F|  |TAMS 0x0000000709700000, 0x0000000709700000| Untracked 
| 136|0x0000000709800000, 0x0000000709800000, 0x0000000709900000|  0%| F|  |TAMS 0x0000000709800000, 0x0000000709800000| Untracked 
| 137|0x0000000709900000, 0x0000000709900000, 0x0000000709a00000|  0%| F|  |TAMS 0x0000000709900000, 0x0000000709900000| Untracked 
| 138|0x0000000709a00000, 0x0000000709a00000, 0x0000000709b00000|  0%| F|  |TAMS 0x0000000709a00000, 0x0000000709a00000| Untracked 
| 139|0x0000000709b00000, 0x0000000709b00000, 0x0000000709c00000|  0%| F|  |TAMS 0x0000000709b00000, 0x0000000709b00000| Untracked 
| 140|0x0000000709c00000, 0x0000000709c00000, 0x0000000709d00000|  0%| F|  |TAMS 0x0000000709c00000, 0x0000000709c00000| Untracked 
| 141|0x0000000709d00000, 0x0000000709d00000, 0x0000000709e00000|  0%| F|  |TAMS 0x0000000709d00000, 0x0000000709d00000| Untracked 
| 142|0x0000000709e00000, 0x0000000709e00000, 0x0000000709f00000|  0%| F|  |TAMS 0x0000000709e00000, 0x0000000709e00000| Untracked 
| 143|0x0000000709f00000, 0x0000000709f00000, 0x000000070a000000|  0%| F|  |TAMS 0x0000000709f00000, 0x0000000709f00000| Untracked 
| 144|0x000000070a000000, 0x000000070a000000, 0x000000070a100000|  0%| F|  |TAMS 0x000000070a000000, 0x000000070a000000| Untracked 
| 145|0x000000070a100000, 0x000000070a100000, 0x000000070a200000|  0%| F|  |TAMS 0x000000070a100000, 0x000000070a100000| Untracked 
| 146|0x000000070a200000, 0x000000070a200000, 0x000000070a300000|  0%| F|  |TAMS 0x000000070a200000, 0x000000070a200000| Untracked 
| 147|0x000000070a300000, 0x000000070a300000, 0x000000070a400000|  0%| F|  |TAMS 0x000000070a300000, 0x000000070a300000| Untracked 
| 148|0x000000070a400000, 0x000000070a400000, 0x000000070a500000|  0%| F|  |TAMS 0x000000070a400000, 0x000000070a400000| Untracked 
| 149|0x000000070a500000, 0x000000070a500000, 0x000000070a600000|  0%| F|  |TAMS 0x000000070a500000, 0x000000070a500000| Untracked 
| 150|0x000000070a600000, 0x000000070a600000, 0x000000070a700000|  0%| F|  |TAMS 0x000000070a600000, 0x000000070a600000| Untracked 
| 151|0x000000070a700000, 0x000000070a700000, 0x000000070a800000|  0%| F|  |TAMS 0x000000070a700000, 0x000000070a700000| Untracked 
| 152|0x000000070a800000, 0x000000070a800000, 0x000000070a900000|  0%| F|  |TAMS 0x000000070a800000, 0x000000070a800000| Untracked 
| 153|0x000000070a900000, 0x000000070a900000, 0x000000070aa00000|  0%| F|  |TAMS 0x000000070a900000, 0x000000070a900000| Untracked 
| 154|0x000000070aa00000, 0x000000070aa00000, 0x000000070ab00000|  0%| F|  |TAMS 0x000000070aa00000, 0x000000070aa00000| Untracked 
| 155|0x000000070ab00000, 0x000000070ab00000, 0x000000070ac00000|  0%| F|  |TAMS 0x000000070ab00000, 0x000000070ab00000| Untracked 
| 156|0x000000070ac00000, 0x000000070ac00000, 0x000000070ad00000|  0%| F|  |TAMS 0x000000070ac00000, 0x000000070ac00000| Untracked 
| 157|0x000000070ad00000, 0x000000070ad00000, 0x000000070ae00000|  0%| F|  |TAMS 0x000000070ad00000, 0x000000070ad00000| Untracked 
| 158|0x000000070ae00000, 0x000000070ae00000, 0x000000070af00000|  0%| F|  |TAMS 0x000000070ae00000, 0x000000070ae00000| Untracked 
| 159|0x000000070af00000, 0x000000070af00000, 0x000000070b000000|  0%| F|  |TAMS 0x000000070af00000, 0x000000070af00000| Untracked 
| 160|0x000000070b000000, 0x000000070b000000, 0x000000070b100000|  0%| F|  |TAMS 0x000000070b000000, 0x000000070b000000| Untracked 
| 161|0x000000070b100000, 0x000000070b100000, 0x000000070b200000|  0%| F|  |TAMS 0x000000070b100000, 0x000000070b100000| Untracked 
| 162|0x000000070b200000, 0x000000070b200000, 0x000000070b300000|  0%| F|  |TAMS 0x000000070b200000, 0x000000070b200000| Untracked 
| 163|0x000000070b300000, 0x000000070b300000, 0x000000070b400000|  0%| F|  |TAMS 0x000000070b300000, 0x000000070b300000| Untracked 
| 164|0x000000070b400000, 0x000000070b400000, 0x000000070b500000|  0%| F|  |TAMS 0x000000070b400000, 0x000000070b400000| Untracked 
| 165|0x000000070b500000, 0x000000070b500000, 0x000000070b600000|  0%| F|  |TAMS 0x000000070b500000, 0x000000070b500000| Untracked 
| 166|0x000000070b600000, 0x000000070b600000, 0x000000070b700000|  0%| F|  |TAMS 0x000000070b600000, 0x000000070b600000| Untracked 
| 167|0x000000070b700000, 0x000000070b700000, 0x000000070b800000|  0%| F|  |TAMS 0x000000070b700000, 0x000000070b700000| Untracked 
| 168|0x000000070b800000, 0x000000070b800000, 0x000000070b900000|  0%| F|  |TAMS 0x000000070b800000, 0x000000070b800000| Untracked 
| 169|0x000000070b900000, 0x000000070b900000, 0x000000070ba00000|  0%| F|  |TAMS 0x000000070b900000, 0x000000070b900000| Untracked 
| 170|0x000000070ba00000, 0x000000070ba00000, 0x000000070bb00000|  0%| F|  |TAMS 0x000000070ba00000, 0x000000070ba00000| Untracked 
| 171|0x000000070bb00000, 0x000000070bb00000, 0x000000070bc00000|  0%| F|  |TAMS 0x000000070bb00000, 0x000000070bb00000| Untracked 
| 172|0x000000070bc00000, 0x000000070bc00000, 0x000000070bd00000|  0%| F|  |TAMS 0x000000070bc00000, 0x000000070bc00000| Untracked 
| 173|0x000000070bd00000, 0x000000070bd00000, 0x000000070be00000|  0%| F|  |TAMS 0x000000070bd00000, 0x000000070bd00000| Untracked 
| 174|0x000000070be00000, 0x000000070be00000, 0x000000070bf00000|  0%| F|  |TAMS 0x000000070be00000, 0x000000070be00000| Untracked 
| 175|0x000000070bf00000, 0x000000070bf00000, 0x000000070c000000|  0%| F|  |TAMS 0x000000070bf00000, 0x000000070bf00000| Untracked 
| 176|0x000000070c000000, 0x000000070c000000, 0x000000070c100000|  0%| F|  |TAMS 0x000000070c000000, 0x000000070c000000| Untracked 
| 177|0x000000070c100000, 0x000000070c100000, 0x000000070c200000|  0%| F|  |TAMS 0x000000070c100000, 0x000000070c100000| Untracked 
| 178|0x000000070c200000, 0x000000070c200000, 0x000000070c300000|  0%| F|  |TAMS 0x000000070c200000, 0x000000070c200000| Untracked 
| 179|0x000000070c300000, 0x000000070c300000, 0x000000070c400000|  0%| F|  |TAMS 0x000000070c300000, 0x000000070c300000| Untracked 
| 180|0x000000070c400000, 0x000000070c400000, 0x000000070c500000|  0%| F|  |TAMS 0x000000070c400000, 0x000000070c400000| Untracked 
| 181|0x000000070c500000, 0x000000070c500000, 0x000000070c600000|  0%| F|  |TAMS 0x000000070c500000, 0x000000070c500000| Untracked 
| 182|0x000000070c600000, 0x000000070c600000, 0x000000070c700000|  0%| F|  |TAMS 0x000000070c600000, 0x000000070c600000| Untracked 
| 183|0x000000070c700000, 0x000000070c700000, 0x000000070c800000|  0%| F|  |TAMS 0x000000070c700000, 0x000000070c700000| Untracked 
| 184|0x000000070c800000, 0x000000070c800000, 0x000000070c900000|  0%| F|  |TAMS 0x000000070c800000, 0x000000070c800000| Untracked 
| 185|0x000000070c900000, 0x000000070c900000, 0x000000070ca00000|  0%| F|  |TAMS 0x000000070c900000, 0x000000070c900000| Untracked 
| 186|0x000000070ca00000, 0x000000070ca00000, 0x000000070cb00000|  0%| F|  |TAMS 0x000000070ca00000, 0x000000070ca00000| Untracked 
| 187|0x000000070cb00000, 0x000000070cb00000, 0x000000070cc00000|  0%| F|  |TAMS 0x000000070cb00000, 0x000000070cb00000| Untracked 
| 188|0x000000070cc00000, 0x000000070cc00000, 0x000000070cd00000|  0%| F|  |TAMS 0x000000070cc00000, 0x000000070cc00000| Untracked 
| 189|0x000000070cd00000, 0x000000070cd00000, 0x000000070ce00000|  0%| F|  |TAMS 0x000000070cd00000, 0x000000070cd00000| Untracked 
| 190|0x000000070ce00000, 0x000000070ce00000, 0x000000070cf00000|  0%| F|  |TAMS 0x000000070ce00000, 0x000000070ce00000| Untracked 
| 191|0x000000070cf00000, 0x000000070cf00000, 0x000000070d000000|  0%| F|  |TAMS 0x000000070cf00000, 0x000000070cf00000| Untracked 
| 192|0x000000070d000000, 0x000000070d000000, 0x000000070d100000|  0%| F|  |TAMS 0x000000070d000000, 0x000000070d000000| Untracked 
| 193|0x000000070d100000, 0x000000070d100000, 0x000000070d200000|  0%| F|  |TAMS 0x000000070d100000, 0x000000070d100000| Untracked 
| 194|0x000000070d200000, 0x000000070d200000, 0x000000070d300000|  0%| F|  |TAMS 0x000000070d200000, 0x000000070d200000| Untracked 
| 195|0x000000070d300000, 0x000000070d300000, 0x000000070d400000|  0%| F|  |TAMS 0x000000070d300000, 0x000000070d300000| Untracked 
| 196|0x000000070d400000, 0x000000070d400000, 0x000000070d500000|  0%| F|  |TAMS 0x000000070d400000, 0x000000070d400000| Untracked 
| 197|0x000000070d500000, 0x000000070d500000, 0x000000070d600000|  0%| F|  |TAMS 0x000000070d500000, 0x000000070d500000| Untracked 
| 198|0x000000070d600000, 0x000000070d600000, 0x000000070d700000|  0%| F|  |TAMS 0x000000070d600000, 0x000000070d600000| Untracked 
| 199|0x000000070d700000, 0x000000070d700000, 0x000000070d800000|  0%| F|  |TAMS 0x000000070d700000, 0x000000070d700000| Untracked 
| 200|0x000000070d800000, 0x000000070d800000, 0x000000070d900000|  0%| F|  |TAMS 0x000000070d800000, 0x000000070d800000| Untracked 
| 201|0x000000070d900000, 0x000000070d900000, 0x000000070da00000|  0%| F|  |TAMS 0x000000070d900000, 0x000000070d900000| Untracked 
| 202|0x000000070da00000, 0x000000070da00000, 0x000000070db00000|  0%| F|  |TAMS 0x000000070da00000, 0x000000070da00000| Untracked 
| 203|0x000000070db00000, 0x000000070db00000, 0x000000070dc00000|  0%| F|  |TAMS 0x000000070db00000, 0x000000070db00000| Untracked 
| 204|0x000000070dc00000, 0x000000070dc00000, 0x000000070dd00000|  0%| F|  |TAMS 0x000000070dc00000, 0x000000070dc00000| Untracked 
| 205|0x000000070dd00000, 0x000000070dd00000, 0x000000070de00000|  0%| F|  |TAMS 0x000000070dd00000, 0x000000070dd00000| Untracked 
| 206|0x000000070de00000, 0x000000070de00000, 0x000000070df00000|  0%| F|  |TAMS 0x000000070de00000, 0x000000070de00000| Untracked 
| 207|0x000000070df00000, 0x000000070df00000, 0x000000070e000000|  0%| F|  |TAMS 0x000000070df00000, 0x000000070df00000| Untracked 
| 208|0x000000070e000000, 0x000000070e000000, 0x000000070e100000|  0%| F|  |TAMS 0x000000070e000000, 0x000000070e000000| Untracked 
| 209|0x000000070e100000, 0x000000070e100000, 0x000000070e200000|  0%| F|  |TAMS 0x000000070e100000, 0x000000070e100000| Untracked 
| 210|0x000000070e200000, 0x000000070e200000, 0x000000070e300000|  0%| F|  |TAMS 0x000000070e200000, 0x000000070e200000| Untracked 
| 211|0x000000070e300000, 0x000000070e300000, 0x000000070e400000|  0%| F|  |TAMS 0x000000070e300000, 0x000000070e300000| Untracked 
| 212|0x000000070e400000, 0x000000070e400000, 0x000000070e500000|  0%| F|  |TAMS 0x000000070e400000, 0x000000070e400000| Untracked 
| 213|0x000000070e500000, 0x000000070e500000, 0x000000070e600000|  0%| F|  |TAMS 0x000000070e500000, 0x000000070e500000| Untracked 
| 214|0x000000070e600000, 0x000000070e600000, 0x000000070e700000|  0%| F|  |TAMS 0x000000070e600000, 0x000000070e600000| Untracked 
| 215|0x000000070e700000, 0x000000070e700000, 0x000000070e800000|  0%| F|  |TAMS 0x000000070e700000, 0x000000070e700000| Untracked 
| 216|0x000000070e800000, 0x000000070e800000, 0x000000070e900000|  0%| F|  |TAMS 0x000000070e800000, 0x000000070e800000| Untracked 
| 217|0x000000070e900000, 0x000000070e900000, 0x000000070ea00000|  0%| F|  |TAMS 0x000000070e900000, 0x000000070e900000| Untracked 
| 218|0x000000070ea00000, 0x000000070ea00000, 0x000000070eb00000|  0%| F|  |TAMS 0x000000070ea00000, 0x000000070ea00000| Untracked 
| 219|0x000000070eb00000, 0x000000070eb00000, 0x000000070ec00000|  0%| F|  |TAMS 0x000000070eb00000, 0x000000070eb00000| Untracked 
| 220|0x000000070ec00000, 0x000000070ec00000, 0x000000070ed00000|  0%| F|  |TAMS 0x000000070ec00000, 0x000000070ec00000| Untracked 
| 221|0x000000070ed00000, 0x000000070ed00000, 0x000000070ee00000|  0%| F|  |TAMS 0x000000070ed00000, 0x000000070ed00000| Untracked 
| 222|0x000000070ee00000, 0x000000070ee00000, 0x000000070ef00000|  0%| F|  |TAMS 0x000000070ee00000, 0x000000070ee00000| Untracked 
| 223|0x000000070ef00000, 0x000000070ef00000, 0x000000070f000000|  0%| F|  |TAMS 0x000000070ef00000, 0x000000070ef00000| Untracked 
| 224|0x000000070f000000, 0x000000070f000000, 0x000000070f100000|  0%| F|  |TAMS 0x000000070f000000, 0x000000070f000000| Untracked 
| 225|0x000000070f100000, 0x000000070f100000, 0x000000070f200000|  0%| F|  |TAMS 0x000000070f100000, 0x000000070f100000| Untracked 
| 226|0x000000070f200000, 0x000000070f200000, 0x000000070f300000|  0%| F|  |TAMS 0x000000070f200000, 0x000000070f200000| Untracked 
| 227|0x000000070f300000, 0x000000070f300000, 0x000000070f400000|  0%| F|  |TAMS 0x000000070f300000, 0x000000070f300000| Untracked 
| 228|0x000000070f400000, 0x000000070f400000, 0x000000070f500000|  0%| F|  |TAMS 0x000000070f400000, 0x000000070f400000| Untracked 
| 229|0x000000070f500000, 0x000000070f600000, 0x000000070f600000|100%| S|CS|TAMS 0x000000070f500000, 0x000000070f500000| Complete 
| 230|0x000000070f600000, 0x000000070f700000, 0x000000070f700000|100%| S|CS|TAMS 0x000000070f600000, 0x000000070f600000| Complete 
| 231|0x000000070f700000, 0x000000070f800000, 0x000000070f800000|100%| S|CS|TAMS 0x000000070f700000, 0x000000070f700000| Complete 
| 232|0x000000070f800000, 0x000000070f800000, 0x000000070f900000|  0%| F|  |TAMS 0x000000070f800000, 0x000000070f800000| Untracked 
| 233|0x000000070f900000, 0x000000070f900000, 0x000000070fa00000|  0%| F|  |TAMS 0x000000070f900000, 0x000000070f900000| Untracked 
| 234|0x000000070fa00000, 0x000000070fa00000, 0x000000070fb00000|  0%| F|  |TAMS 0x000000070fa00000, 0x000000070fa00000| Untracked 
| 235|0x000000070fb00000, 0x000000070fb00000, 0x000000070fc00000|  0%| F|  |TAMS 0x000000070fb00000, 0x000000070fb00000| Untracked 
| 236|0x000000070fc00000, 0x000000070fc00000, 0x000000070fd00000|  0%| F|  |TAMS 0x000000070fc00000, 0x000000070fc00000| Untracked 
| 237|0x000000070fd00000, 0x000000070fd00000, 0x000000070fe00000|  0%| F|  |TAMS 0x000000070fd00000, 0x000000070fd00000| Untracked 
| 238|0x000000070fe00000, 0x000000070fe00000, 0x000000070ff00000|  0%| F|  |TAMS 0x000000070fe00000, 0x000000070fe00000| Untracked 
| 239|0x000000070ff00000, 0x000000070ff00000, 0x0000000710000000|  0%| F|  |TAMS 0x000000070ff00000, 0x000000070ff00000| Untracked 
| 240|0x0000000710000000, 0x0000000710000000, 0x0000000710100000|  0%| F|  |TAMS 0x0000000710000000, 0x0000000710000000| Untracked 
| 241|0x0000000710100000, 0x0000000710100000, 0x0000000710200000|  0%| F|  |TAMS 0x0000000710100000, 0x0000000710100000| Untracked 
| 242|0x0000000710200000, 0x0000000710200000, 0x0000000710300000|  0%| F|  |TAMS 0x0000000710200000, 0x0000000710200000| Untracked 
| 243|0x0000000710300000, 0x0000000710300000, 0x0000000710400000|  0%| F|  |TAMS 0x0000000710300000, 0x0000000710300000| Untracked 
| 244|0x0000000710400000, 0x0000000710400000, 0x0000000710500000|  0%| F|  |TAMS 0x0000000710400000, 0x0000000710400000| Untracked 
| 245|0x0000000710500000, 0x0000000710500000, 0x0000000710600000|  0%| F|  |TAMS 0x0000000710500000, 0x0000000710500000| Untracked 
| 246|0x0000000710600000, 0x0000000710600000, 0x0000000710700000|  0%| F|  |TAMS 0x0000000710600000, 0x0000000710600000| Untracked 
| 247|0x0000000710700000, 0x0000000710700000, 0x0000000710800000|  0%| F|  |TAMS 0x0000000710700000, 0x0000000710700000| Untracked 
| 248|0x0000000710800000, 0x0000000710880800, 0x0000000710900000| 50%| E|  |TAMS 0x0000000710800000, 0x0000000710800000| Complete 
| 249|0x0000000710900000, 0x0000000710a00000, 0x0000000710a00000|100%| E|CS|TAMS 0x0000000710900000, 0x0000000710900000| Complete 
| 250|0x0000000710a00000, 0x0000000710b00000, 0x0000000710b00000|100%| E|CS|TAMS 0x0000000710a00000, 0x0000000710a00000| Complete 
| 251|0x0000000710b00000, 0x0000000710c00000, 0x0000000710c00000|100%| E|CS|TAMS 0x0000000710b00000, 0x0000000710b00000| Complete 
| 252|0x0000000710c00000, 0x0000000710d00000, 0x0000000710d00000|100%| E|CS|TAMS 0x0000000710c00000, 0x0000000710c00000| Complete 
| 253|0x0000000710d00000, 0x0000000710e00000, 0x0000000710e00000|100%| E|CS|TAMS 0x0000000710d00000, 0x0000000710d00000| Complete 
| 254|0x0000000710e00000, 0x0000000710f00000, 0x0000000710f00000|100%| E|CS|TAMS 0x0000000710e00000, 0x0000000710e00000| Complete 
| 255|0x0000000710f00000, 0x0000000711000000, 0x0000000711000000|100%| E|CS|TAMS 0x0000000710f00000, 0x0000000710f00000| Complete 

Card table byte_map: [0x00000253a5ec0000,0x00000253a66c0000] _byte_map_base: 0x00000253a26b8000

Marking Bits (Prev, Next): (CMBitMap*) 0x000002538c0e9478, (CMBitMap*) 0x000002538c0e94b0
 Prev Bits: [0x00000253a6ec0000, 0x00000253aae80000)
 Next Bits: [0x00000253aae80000, 0x00000253aee40000)

Polling page: 0x000002538c150000

Metaspace:

Usage:
  Non-class:     14.15 MB capacity,    13.93 MB ( 98%) used,   183.70 KB (  1%) free+waste,    45.44 KB ( <1%) overhead. 
      Class:      1.72 MB capacity,     1.54 MB ( 89%) used,   162.60 KB (  9%) free+waste,    23.75 KB (  1%) overhead. 
       Both:     15.87 MB capacity,    15.47 MB ( 97%) used,   346.30 KB (  2%) free+waste,    69.19 KB ( <1%) overhead. 

Virtual space:
  Non-class space:       16.00 MB reserved,      14.25 MB ( 89%) committed 
      Class space:        1.00 GB reserved,       1.75 MB ( <1%) committed 
             Both:        1.02 GB reserved,      16.00 MB (  2%) committed 

Chunk freelists:
   Non-Class:  4.63 KB
       Class:  3.75 KB
        Both:  8.38 KB

CodeHeap 'non-profiled nmethods': size=120000Kb used=1029Kb max_used=1029Kb free=118970Kb
 bounds [0x000002539d720000, 0x000002539d990000, 0x00000253a4c50000]
CodeHeap 'profiled nmethods': size=120000Kb used=4335Kb max_used=4335Kb free=115664Kb
 bounds [0x00000253961f0000, 0x0000025396630000, 0x000002539d720000]
CodeHeap 'non-nmethods': size=5760Kb used=1219Kb max_used=1263Kb free=4540Kb
 bounds [0x0000025395c50000, 0x0000025395ec0000, 0x00000253961f0000]
 total_blobs=2666 nmethods=2088 adapters=489
 compilation: enabled
              stopped_count=0, restarted_count=0
 full_count=0

Compilation events (10 events):
Event: 181.473 Thread 0x00000253b22e9000 nmethod 2084 0x000002539d81e890 code [0x000002539d81ea20, 0x000002539d81ea78]
Event: 183.752 Thread 0x00000253b22e9000 2085       4       java.util.ArrayList::toArray (57 bytes)
Event: 183.754 Thread 0x00000253b22e9000 nmethod 2085 0x000002539d81eb10 code [0x000002539d81eca0, 0x000002539d81f038]
Event: 185.273 Thread 0x00000253b22e9000 2086       4       sun.java2d.d3d.D3DRenderQueue::flushBuffer (46 bytes)
Event: 185.277 Thread 0x00000253b22e9000 nmethod 2086 0x000002539d81f190 code [0x000002539d81f340, 0x000002539d81f6c8]
Event: 186.142 Thread 0x00000253b22e9000 2087       4       java.awt.Color::getTransparency (22 bytes)
Event: 186.142 Thread 0x00000253b22e9000 nmethod 2087 0x000002539d81f910 code [0x000002539d81faa0, 0x000002539d81fb38]
Event: 186.571 Thread 0x00000253b22e9000 2088       4       javax.swing.UIDefaults$TextAndMnemonicHashMap::get (358 bytes)
Event: 186.586 Thread 0x00000253b22e9000 nmethod 2088 0x000002539d81fc10 code [0x000002539d81fe00, 0x000002539d820b38]
Event: 192.003 Thread 0x00000253b22e9000 2089   !   4       sun.java2d.SunGraphics2D::fillRect (74 bytes)

GC Heap History (2 events):
Event: 119.418 GC heap before
{Heap before GC invocations=0 (full 0):
 garbage-first heap   total 262144K, used 27648K [0x0000000701000000, 0x0000000800000000)
  region size 1024K, 24 young (24576K), 0 survivors (0K)
 Metaspace       used 15835K, capacity 16253K, committed 16384K, reserved 1064960K
  class space    used 1575K, capacity 1762K, committed 1792K, reserved 1048576K
}
Event: 119.422 GC heap after
{Heap after GC invocations=1 (full 0):
 garbage-first heap   total 262144K, used 7768K [0x0000000701000000, 0x0000000800000000)
  region size 1024K, 3 young (3072K), 3 survivors (3072K)
 Metaspace       used 15835K, capacity 16253K, committed 16384K, reserved 1064960K
  class space    used 1575K, capacity 1762K, committed 1792K, reserved 1048576K
}

Deoptimization events (10 events):
Event: 34.043 Thread 0x00000253b9e5c800 Uncommon trap: reason=intrinsic_or_type_checked_inlining action=make_not_entrant pc=0x000002539d7ac7f0 method=java.util.Arrays.copyOf([Ljava/lang/Object;ILjava/lang/Class;)[Ljava/lang/Object; @ 35 c2
Event: 52.550 Thread 0x00000253b2e9a000 Uncommon trap: reason=unstable_if action=reinterpret pc=0x000002539d7be9bc method=java.awt.Component.inside(II)Z @ 13 c2
Event: 119.422 Thread 0x00000253b2e9a000 Uncommon trap: reason=null_check action=make_not_entrant pc=0x000002539d7bc8a4 method=sun.java2d.pipe.BufferedContext.validate(Lsun/java2d/pipe/hw/AccelSurface;Lsun/java2d/pipe/hw/AccelSurface;Lsun/java2d/pipe/Region;Ljava/awt/Composite;Ljava/awt/geom/Aff
Event: 119.422 Thread 0x00000253b2e9a000 Uncommon trap: reason=unstable_if action=reinterpret pc=0x000002539d7ed488 method=java.lang.ref.SoftReference.get()Ljava/lang/Object; @ 17 c2
Event: 119.422 Thread 0x00000253b2e9a000 Uncommon trap: reason=unstable_if action=reinterpret pc=0x000002539d7adc00 method=java.lang.ref.SoftReference.get()Ljava/lang/Object; @ 17 c2
Event: 171.342 Thread 0x00000253b2e9a000 Uncommon trap: reason=class_check action=maybe_recompile pc=0x000002539d81b12c method=jdk.internal.misc.Unsafe.allocateUninitializedArray(Ljava/lang/Class;I)Ljava/lang/Object; @ 48 c2
Event: 171.342 Thread 0x00000253b2e9a000 Uncommon trap: reason=class_check action=maybe_recompile pc=0x000002539d81b12c method=jdk.internal.misc.Unsafe.allocateUninitializedArray(Ljava/lang/Class;I)Ljava/lang/Object; @ 48 c2
Event: 171.342 Thread 0x00000253b2e9a000 Uncommon trap: reason=class_check action=maybe_recompile pc=0x000002539d81b12c method=jdk.internal.misc.Unsafe.allocateUninitializedArray(Ljava/lang/Class;I)Ljava/lang/Object; @ 48 c2
Event: 171.451 Thread 0x00000253b2e9a000 Uncommon trap: reason=class_check action=maybe_recompile pc=0x000002539d81b12c method=jdk.internal.misc.Unsafe.allocateUninitializedArray(Ljava/lang/Class;I)Ljava/lang/Object; @ 48 c2
Event: 179.518 Thread 0x00000253b9e5c800 Uncommon trap: reason=class_check action=make_not_entrant pc=0x000002539d81e5b4 method=java.util.ArrayList.toArray([Ljava/lang/Object;)[Ljava/lang/Object; @ 21 c2

Classes redefined (0 events):
No events

Internal exceptions (10 events):
Event: 0.292 Thread 0x000002538c086000 Exception <a 'java/lang/NoSuchMethodError'{0x0000000710aed5f8}: java.lang.invoke.DirectMethodHandle$Holder.invokeStatic(Ljava/lang/Object;ILjava/lang/Object;)Ljava/lang/Object;> (0x0000000710aed5f8) thrown at [./open/src/hotspot/share/interpreter/linkReso
Event: 0.303 Thread 0x000002538c086000 Exception <a 'java/lang/ClassNotFoundException'{0x0000000710997c68}: com/sun/swing/internal/plaf/metal/resources/spi/metalProvider> (0x0000000710997c68) thrown at [./open/src/hotspot/share/classfile/systemDictionary.cpp, line 228]
Event: 0.303 Thread 0x000002538c086000 Exception <a 'java/lang/ClassNotFoundException'{0x000000071099bf28}: com/sun/swing/internal/plaf/basic/resources/spi/basicProvider> (0x000000071099bf28) thrown at [./open/src/hotspot/share/classfile/systemDictionary.cpp, line 228]
Event: 0.335 Thread 0x000002538c086000 Exception <a 'java/lang/NoSuchMethodError'{0x00000007108201c8}: java.lang.invoke.DirectMethodHandle$Holder.invokeStaticInit(Ljava/lang/Object;)V> (0x00000007108201c8) thrown at [./open/src/hotspot/share/interpreter/linkResolver.cpp, line 772]
Event: 0.354 Thread 0x000002538c086000 Exception <a 'java/lang/NoSuchMethodError'{0x00000007107df410}: java.lang.invoke.DirectMethodHandle$Holder.invokeStatic(Ljava/lang/Object;Ljava/lang/Object;Ljava/lang/Object;Ljava/lang/Object;Ljava/lang/Object;Ljava/lang/Object;Ljava/lang/Object;Ljava/lan
Event: 0.355 Thread 0x000002538c086000 Exception <a 'java/lang/NoSuchMethodError'{0x00000007107fe500}: java.lang.invoke.DirectMethodHandle$Holder.invokeStatic(Ljava/lang/Object;Ljava/lang/Object;Ljava/lang/Object;Ljava/lang/Object;Ljava/lang/Object;Ljava/lang/Object;Ljava/lang/Object;Ljava/lan
Event: 0.355 Thread 0x000002538c086000 Exception <a 'java/lang/NoSuchMethodError'{0x000000071061dad0}: java.lang.invoke.DirectMethodHandle$Holder.invokeStatic(Ljava/lang/Object;Ljava/lang/Object;Ljava/lang/Object;Ljava/lang/Object;Ljava/lang/Object;Ljava/lang/Object;Ljava/lang/Object;Ljava/lan
Event: 0.356 Thread 0x000002538c086000 Exception <a 'java/lang/NoSuchMethodError'{0x0000000710629a80}: java.lang.invoke.Invokers$Holder.linkToTargetMethod(Ljava/lang/Object;ILjava/lang/Object;)Ljava/lang/Object;> (0x0000000710629a80) thrown at [./open/src/hotspot/share/interpreter/linkResolver
Event: 0.362 Thread 0x000002538c086000 Exception <a 'java/lang/NoSuchMethodError'{0x0000000710673d10}: java.lang.invoke.DirectMethodHandle$Holder.invokeStatic(Ljava/lang/Object;Ljava/lang/Object;Ljava/lang/Object;Ljava/lang/Object;Ljava/lang/Object;Ljava/lang/Object;Ljava/lang/Object;Ljava/lan
Event: 119.422 Thread 0x00000253b2e9a000 Implicit null exception at 0x000002539d7bacad to 0x000002539d7bc876

Events (10 events):
Event: 171.342 Thread 0x00000253b2e9a000 DEOPT UNPACKING pc=0x0000025395c791af sp=0x0000006939cfa738 mode 2
Event: 171.342 Thread 0x00000253b2e9a000 Uncommon trap: trap_request=0xffffffde fr.pc=0x000002539d81b12c relative=0x000000000000010c
Event: 171.342 Thread 0x00000253b2e9a000 DEOPT PACKING pc=0x000002539d81b12c sp=0x0000006939cfa7b0
Event: 171.342 Thread 0x00000253b2e9a000 DEOPT UNPACKING pc=0x0000025395c791af sp=0x0000006939cfa738 mode 2
Event: 171.451 Thread 0x00000253b2e9a000 Uncommon trap: trap_request=0xffffffde fr.pc=0x000002539d81b12c relative=0x000000000000010c
Event: 171.451 Thread 0x00000253b2e9a000 DEOPT PACKING pc=0x000002539d81b12c sp=0x0000006939cfa640
Event: 171.451 Thread 0x00000253b2e9a000 DEOPT UNPACKING pc=0x0000025395c791af sp=0x0000006939cfa5c8 mode 2
Event: 179.518 Thread 0x00000253b9e5c800 Uncommon trap: trap_request=0xffffffdc fr.pc=0x000002539d81e5b4 relative=0x0000000000000194
Event: 179.518 Thread 0x00000253b9e5c800 DEOPT PACKING pc=0x000002539d81e5b4 sp=0x0000006939efef60
Event: 179.518 Thread 0x00000253b9e5c800 DEOPT UNPACKING pc=0x0000025395c791af sp=0x0000006939efef20 mode 2


Dynamic libraries:
0x00007ff7139c0000 - 0x00007ff7139cf000 	C:\Program Files\Java\jdk-11.0.8\bin\java.exe
0x00007ff815f50000 - 0x00007ff816164000 	C:\WINDOWS\SYSTEM32\ntdll.dll
0x00007ff8154f0000 - 0x00007ff8155b2000 	C:\WINDOWS\System32\KERNEL32.DLL
0x00007ff813380000 - 0x00007ff81371d000 	C:\WINDOWS\System32\KERNELBASE.dll
0x00007ff8108c0000 - 0x00007ff810957000 	C:\WINDOWS\SYSTEM32\apphelp.dll
0x00007ff813a30000 - 0x00007ff813b41000 	C:\WINDOWS\System32\ucrtbase.dll
0x00007ff80bed0000 - 0x00007ff80bee8000 	C:\Program Files\Java\jdk-11.0.8\bin\jli.dll
0x00007ff813f70000 - 0x00007ff81401e000 	C:\WINDOWS\System32\ADVAPI32.dll
0x00007ff80beb0000 - 0x00007ff80bec5000 	C:\Program Files\Java\jdk-11.0.8\bin\VCRUNTIME140.dll
0x00007ff8158a0000 - 0x00007ff815947000 	C:\WINDOWS\System32\msvcrt.dll
0x00007ff8157f0000 - 0x00007ff815894000 	C:\WINDOWS\System32\sechost.dll
0x00007ff815670000 - 0x00007ff815785000 	C:\WINDOWS\System32\RPCRT4.dll
0x00007ff8146b0000 - 0x00007ff81485d000 	C:\WINDOWS\System32\USER32.dll
0x00007ff813d20000 - 0x00007ff813d46000 	C:\WINDOWS\System32\win32u.dll
0x00007fffee4f0000 - 0x00007fffee77e000 	C:\WINDOWS\WinSxS\amd64_microsoft.windows.common-controls_6595b64144ccf1df_6.0.22621.436_none_a94247dbc10d8414\COMCTL32.dll
0x00007ff815e80000 - 0x00007ff815ea9000 	C:\WINDOWS\System32\GDI32.dll
0x00007ff813720000 - 0x00007ff813832000 	C:\WINDOWS\System32\gdi32full.dll
0x00007ff813b50000 - 0x00007ff813bea000 	C:\WINDOWS\System32\msvcp_win.dll
0x00007ff80d630000 - 0x00007ff80d63a000 	C:\WINDOWS\SYSTEM32\VERSION.dll
0x00007ff814020000 - 0x00007ff814052000 	C:\WINDOWS\System32\IMM32.DLL
0x00007ffff70d0000 - 0x00007ffff716b000 	C:\Program Files\Java\jdk-11.0.8\bin\msvcp140.dll
0x00007fffa24d0000 - 0x00007fffa2fb6000 	C:\Program Files\Java\jdk-11.0.8\bin\server\jvm.dll
0x00007ff815660000 - 0x00007ff815668000 	C:\WINDOWS\System32\PSAPI.DLL
0x00007ffff7a70000 - 0x00007ffff7a79000 	C:\WINDOWS\SYSTEM32\WSOCK32.dll
0x00007ff80bbb0000 - 0x00007ff80bbe4000 	C:\WINDOWS\SYSTEM32\WINMM.dll
0x00007ff815d70000 - 0x00007ff815de1000 	C:\WINDOWS\System32\WS2_32.dll
0x00007ff8123b0000 - 0x00007ff8123c8000 	C:\WINDOWS\SYSTEM32\kernel.appcore.dll
0x00007ff80e590000 - 0x00007ff80e5a0000 	C:\Program Files\Java\jdk-11.0.8\bin\verify.dll
0x00007ff8092f0000 - 0x00007ff80951e000 	C:\WINDOWS\SYSTEM32\DBGHELP.DLL
0x00007ff8159e0000 - 0x00007ff815d6a000 	C:\WINDOWS\System32\combase.dll
0x00007ff813d70000 - 0x00007ff813e47000 	C:\WINDOWS\System32\OLEAUT32.dll
0x00007ffff8bc0000 - 0x00007ffff8bf2000 	C:\WINDOWS\SYSTEM32\dbgcore.DLL
0x00007ff8139b0000 - 0x00007ff813a2b000 	C:\WINDOWS\System32\bcryptPrimitives.dll
0x00007ffff8460000 - 0x00007ffff8488000 	C:\Program Files\Java\jdk-11.0.8\bin\java.dll
0x00007ff80e540000 - 0x00007ff80e54a000 	C:\Program Files\Java\jdk-11.0.8\bin\jimage.dll
0x00007ff80bde0000 - 0x00007ff80bdf6000 	C:\Program Files\Java\jdk-11.0.8\bin\zip.dll
0x00007ff814860000 - 0x00007ff815040000 	C:\WINDOWS\System32\SHELL32.dll
0x00007ff811370000 - 0x00007ff811c37000 	C:\WINDOWS\SYSTEM32\windows.storage.dll
0x00007ff811230000 - 0x00007ff81136e000 	C:\WINDOWS\SYSTEM32\wintypes.dll
0x00007ff814060000 - 0x00007ff814151000 	C:\WINDOWS\System32\SHCORE.dll
0x00007ff815790000 - 0x00007ff8157ee000 	C:\WINDOWS\System32\shlwapi.dll
0x00007ff8132b0000 - 0x00007ff8132d1000 	C:\WINDOWS\SYSTEM32\profapi.dll
0x00007fffc0390000 - 0x00007fffc052a000 	C:\Program Files\Java\jdk-11.0.8\bin\awt.dll
0x00007ff810cc0000 - 0x00007ff810ceb000 	C:\WINDOWS\system32\DWMAPI.DLL
0x00007ff8109a0000 - 0x00007ff810a4b000 	C:\WINDOWS\system32\uxtheme.dll
0x00007ffff53f0000 - 0x00007ffff54f0000 	C:\WINDOWS\system32\opengl32.dll
0x00007ff810130000 - 0x00007ff81015d000 	C:\WINDOWS\SYSTEM32\GLU32.dll
0x00007ff810a80000 - 0x00007ff810ab6000 	C:\WINDOWS\SYSTEM32\dxcore.dll
0x00007ffff7f20000 - 0x00007ffff8059000 	C:\ProgramData\A-Volute\A-Volute.Nahimic\Modules\Scheduled\x64\AudioDevProps2.dll
0x00007ff815040000 - 0x00007ff8151dc000 	C:\WINDOWS\System32\ole32.dll
0x00007ff813e50000 - 0x00007ff813f6e000 	C:\WINDOWS\System32\MSCTF.dll
0x00007fffe3dc0000 - 0x00007fffe3f69000 	C:\WINDOWS\system32\d3d9.dll
0x00007ffff1270000 - 0x00007ffff132e000 	C:\WINDOWS\System32\DriverStore\FileRepository\nv_dispi.inf_amd64_bd530e4cbd42e0a3\nvldumdx.dll
0x00007ff812f20000 - 0x00007ff812f32000 	C:\WINDOWS\SYSTEM32\msasn1.dll
0x00007ffffa620000 - 0x00007ffffa652000 	C:\WINDOWS\SYSTEM32\cryptnet.dll
0x00007ff813840000 - 0x00007ff8139a6000 	C:\WINDOWS\System32\CRYPT32.dll
0x00007ff807160000 - 0x00007ff8072b8000 	C:\WINDOWS\SYSTEM32\drvstore.dll
0x00007ff812f90000 - 0x00007ff812fc3000 	C:\WINDOWS\SYSTEM32\devobj.dll
0x00007ff812f40000 - 0x00007ff812f8e000 	C:\WINDOWS\SYSTEM32\CFGMGR32.dll
0x00007ff812ad0000 - 0x00007ff812b18000 	C:\WINDOWS\SYSTEM32\wldp.dll
0x00007ff812a00000 - 0x00007ff812a0c000 	C:\WINDOWS\SYSTEM32\cryptbase.dll
0x00007ff813bf0000 - 0x00007ff813c5a000 	C:\WINDOWS\System32\WINTRUST.DLL
0x00007ff813d50000 - 0x00007ff813d6f000 	C:\WINDOWS\System32\imagehlp.dll
0x00007ff812a90000 - 0x00007ff812aab000 	C:\WINDOWS\SYSTEM32\CRYPTSP.dll
0x00007ff812320000 - 0x00007ff812355000 	C:\WINDOWS\system32\rsaenh.dll
0x00007ff812c30000 - 0x00007ff812c58000 	C:\WINDOWS\SYSTEM32\bcrypt.dll
0x00007fff9d680000 - 0x00007fff9fc89000 	C:\WINDOWS\System32\DriverStore\FileRepository\nv_dispi.inf_amd64_bd530e4cbd42e0a3\nvd3dumx.dll
0x00007ff80e3a0000 - 0x00007ff80e3e9000 	C:\WINDOWS\SYSTEM32\directxdatabasehelper.dll
0x00007ffff04f0000 - 0x00007ffff07bf000 	C:\WINDOWS\system32\nvspcap64.dll
0x00007ff8123d0000 - 0x00007ff812404000 	C:\WINDOWS\SYSTEM32\ntmarta.dll
0x00007ff812870000 - 0x00007ff812896000 	C:\WINDOWS\SYSTEM32\gpapi.dll
0x00007ffff6fc0000 - 0x00007ffff7042000 	C:\Program Files\Java\jdk-11.0.8\bin\freetype.dll
0x00007ffff6bc0000 - 0x00007ffff6c66000 	C:\Program Files\Java\jdk-11.0.8\bin\fontmanager.dll
0x00007ff80bda0000 - 0x00007ff80bdb9000 	C:\Program Files\Java\jdk-11.0.8\bin\net.dll
0x00007ff80c180000 - 0x00007ff80c2af000 	C:\WINDOWS\SYSTEM32\WINHTTP.dll
0x00007ff812800000 - 0x00007ff812869000 	C:\WINDOWS\system32\mswsock.dll
0x00007ffff8440000 - 0x00007ffff8452000 	C:\Program Files\Java\jdk-11.0.8\bin\nio.dll
0x00007fffffc90000 - 0x00007fffffdbd000 	C:\WINDOWS\SYSTEM32\textinputframework.dll
0x00007ff8105e0000 - 0x00007ff810713000 	C:\WINDOWS\SYSTEM32\CoreMessaging.dll
0x00007ff80dae0000 - 0x00007ff80de4c000 	C:\WINDOWS\SYSTEM32\CoreUIComponents.dll

dbghelp: loaded successfully - version: 4.0.5 - missing functions: none
symbol engine: initialized successfully - sym options: 0x614 - pdb path: .;C:\Program Files\Java\jdk-11.0.8\bin;C:\WINDOWS\SYSTEM32;C:\WINDOWS\WinSxS\amd64_microsoft.windows.common-controls_6595b64144ccf1df_6.0.22621.436_none_a94247dbc10d8414;C:\Program Files\Java\jdk-11.0.8\bin\server;C:\ProgramData\A-Volute\A-Volute.Nahimic\Modules\Scheduled\x64;C:\WINDOWS\System32\DriverStore\FileRepository\nv_dispi.inf_amd64_bd530e4cbd42e0a3

VM Arguments:
java_command: MazeGame
java_class_path (initial): C:\Program Files\Java\jdk-11.0.8\lib\;.
Launcher Type: SUN_STANDARD

[Global flags]
     intx CICompilerCount                          = 4                                         {product} {ergonomic}
     uint ConcGCThreads                            = 2                                         {product} {ergonomic}
     uint G1ConcRefinementThreads                  = 8                                         {product} {ergonomic}
   size_t G1HeapRegionSize                         = 1048576                                   {product} {ergonomic}
    uintx GCDrainStackTargetSize                   = 64                                        {product} {ergonomic}
   size_t InitialHeapSize                          = 268435456                                 {product} {ergonomic}
   size_t MarkStackSize                            = 4194304                                   {product} {ergonomic}
   size_t MaxHeapSize                              = 4278190080                                {product} {ergonomic}
   size_t MaxNewSize                               = 2566914048                                {product} {ergonomic}
   size_t MinHeapDeltaBytes                        = 1048576                                   {product} {ergonomic}
    uintx NonNMethodCodeHeapSize                   = 5836300                                {pd product} {ergonomic}
    uintx NonProfiledCodeHeapSize                  = 122910970                              {pd product} {ergonomic}
    uintx ProfiledCodeHeapSize                     = 122910970                              {pd product} {ergonomic}
    uintx ReservedCodeCacheSize                    = 251658240                              {pd product} {ergonomic}
     bool SegmentedCodeCache                       = true                                      {product} {ergonomic}
     bool UseCompressedClassPointers               = true                                 {lp64_product} {ergonomic}
     bool UseCompressedOops                        = true                                 {lp64_product} {ergonomic}
     bool UseG1GC                                  = true                                      {product} {ergonomic}
     bool UseLargePagesIndividualAllocation        = false                                  {pd product} {ergonomic}

Logging:
Log output configuration:
 #0: stdout all=warning uptime,level,tags
 #1: stderr all=off uptime,level,tags

Environment Variables:
JAVA_HOME=C:\Program Files\AdoptOpenJDK\jdk-13.0.2.8-hotspot\
CLASSPATH=C:\Program Files\Java\jdk-11.0.8\lib\;.
PATH=C:\Users\rambe\bin;C:\Program Files\Git\mingw64\bin;C:\Program Files\Git\usr\local\bin;C:\Program Files\Git\usr\bin;C:\Program Files\Git\usr\bin;C:\Program Files\Git\mingw64\bin;C:\Program Files\Git\usr\bin;C:\Users\rambe\bin;C:\Program Files (x86)\Common Files\Intel\Shared Libraries\redist\intel64\compiler;C:\Program Files\Java\jdk-11.0.8\bin;C:\Users\rambe\AppData\Local\Programs\Python\Python39\Scripts;C:\Users\rambe\AppData\Local\Programs\Python\Python39;C:\Program Files (x86)\ActiveState Komodo IDE 12;C:\Program Files\Common Files\Oracle\Java\javapath;C:\Program Files (x86)\Razer Chroma SDK\bin;C:\Program Files\Razer Chroma SDK\bin;C:\Program Files (x86)\Razer\ChromaBroadcast\bin;C:\Program Files\Razer\ChromaBroadcast\bin;C:\Program Files\AdoptOpenJDK\jdk-13.0.2.8-hotspot\bin;C:\Program Files (x86)\Common Files\Oracle\Java\javapath;C:\Program Files (x86)\Intel\Intel(R) Management Engine Components\iCLS;C:\Program Files\Intel\Intel(R) Management Engine Components\iCLS;C:\Windows\system32;C:\Windows;C:\Windows\System32\Wbem;C:\Windows\System32\WindowsPowerShell\v1.0;C:\Program Files\Intel\WiFi\bin;C:\Program Files\Common Files\Intel\WirelessCommon;C:\Program Files (x86)\QuickTime\QTSystem;C:\WINDOWS\system32;C:\WINDOWS;C:\WINDOWS\System32\Wbem;C:\WINDOWS\System32\WindowsPowerShell\v1.0;C:\WINDOWS\System32\OpenSSH;C:\Program Files\Java\jdk1.8.0_221\bin;C:\Program Files\NVIDIA Corporation\NVIDIA NvDLISR;C:\Program Files (x86)\NVIDIA Corporation\PhysX\Common;C:\Users\rambe\AppData\Local\Microsoft\WindowsApps;C:\WINDOWS\system32;C:\WINDOWS;C:\WINDOWS\System32\Wbem;C:\WINDOWS\System32\WindowsPowerShell\v1.0;C:\WINDOWS\System32\OpenSSH;C:\Program Files\Docker\Docker\resources\bin;C:\ProgramData\DockerDesktop\version-bin;C:\Program Files\nodejs;C:\ProgramData\chocolatey\bin;C:\Program Files\Git\cmd;C:\Program Files\dotnet;C:\Program Files\Java\jdk-16.0.2\bin;C:\Users\rambe\AppData\Local\Programs\Microsoft VS Code\bin;C:\Users\rambe\AppData\Roaming\npm;C:\Users\rambe\Ap
USERNAME=rambe
SHELL=C:\Program Files\Git\usr\bin\bash.exe
DISPLAY=needs-to-be-defined
OS=Windows_NT
PROCESSOR_IDENTIFIER=Intel64 Family 6 Model 158 Stepping 13, GenuineIntel



---------------  S Y S T E M  ---------------

OS: Windows 10 , 64 bit Build 22621 (10.0.22621.885)
HyperV virtualization detected

CPU:total 8 (initial active 8) (8 cores per cpu, 1 threads per core) family 6 model 158 stepping 13, cmov, cx8, fxsr, mmx, sse, sse2, sse3, ssse3, sse4.1, sse4.2, popcnt, avx, avx2, aes, clmul, erms, 3dnowpref, lzcnt, tsc, tscinvbit, bmi1, bmi2, adx, fma

Memory: 4k page, system-wide physical 16318M (8247M free)
TotalPageFile size 28606M (AvailPageFile size 14584M)
current process WorkingSet (physical memory assigned to process): 116M, peak: 126M
current process commit charge ("private bytes"): 380M, peak: 402M

vm_info: Java HotSpot(TM) 64-Bit Server VM (11.0.8+10-LTS) for windows-amd64 JRE (11.0.8+10-LTS), built on Jun 16 2020 05:53:08 by "mach5one" with unknown MS VC++:1916

END.
